<?xml version="1.0" encoding="UTF-8"?>
<!-- Generated by org.testng.reporters.JUnitReportReporter -->
<testsuite hostname="DESKTOP-OJFEH9S" failures="0" tests="1" name="hrm.browser" time="26.824" errors="0" timestamp="2023-05-03T12:41:10 IST" skipped="0">
  <testcase classname="hrm.browser" name="test" time="26.824"/>
  <system-out/>
</testsuite> <!-- hrm.browser -->
